<?xml version="1.0" encoding="UTF-8"?>
<testng-results ignored="0" total="4" passed="4" failed="0" skipped="0">
  <reporter-output>
  </reporter-output>
  <suite started-at="2020-02-22T11:38:14Z" name="Suite" finished-at="2020-02-22T11:38:47Z" duration-ms="32965">
    <groups>
    </groups>
    <test started-at="2020-02-22T11:38:14Z" name="App Testing" finished-at="2020-02-22T11:38:14Z" duration-ms="5">
    </test> <!-- App Testing -->
    <test started-at="2020-02-22T11:38:15Z" name="Validating Navigation Bar" finished-at="2020-02-22T11:38:23Z" duration-ms="8159">
      <class name="Academy.validateNavigationBar">
        <test-method is-config="true" signature="initialize()[pri:0, instance:Academy.validateNavigationBar@7048f722]" started-at="2020-02-22T11:38:15Z" name="initialize" finished-at="2020-02-22T11:38:22Z" duration-ms="7923" status="PASS">
          <reporter-output>
          </reporter-output>
        </test-method> <!-- initialize -->
        <test-method signature="basePageNavigation()[pri:0, instance:Academy.validateNavigationBar@7048f722]" started-at="2020-02-22T11:38:22Z" name="basePageNavigation" finished-at="2020-02-22T11:38:23Z" duration-ms="137" status="PASS">
          <reporter-output>
          </reporter-output>
        </test-method> <!-- basePageNavigation -->
        <test-method is-config="true" signature="teardown()[pri:0, instance:Academy.validateNavigationBar@7048f722]" started-at="2020-02-22T11:38:23Z" name="teardown" finished-at="2020-02-22T11:38:23Z" duration-ms="79" status="PASS">
          <reporter-output>
          </reporter-output>
        </test-method> <!-- teardown -->
      </class> <!-- Academy.validateNavigationBar -->
    </test> <!-- Validating Navigation Bar -->
    <test started-at="2020-02-22T11:38:23Z" name="Validating User Login" finished-at="2020-02-22T11:38:40Z" duration-ms="17640">
      <class name="Academy.HomePage">
        <test-method is-config="true" signature="initialize()[pri:0, instance:Academy.HomePage@28c0b664]" started-at="2020-02-22T11:38:23Z" name="initialize" finished-at="2020-02-22T11:38:25Z" duration-ms="2315" status="PASS">
          <reporter-output>
          </reporter-output>
        </test-method> <!-- initialize -->
        <test-method signature="basePageNavigation(java.lang.String, java.lang.String, java.lang.String)[pri:0, instance:Academy.HomePage@28c0b664]" started-at="2020-02-22T11:38:25Z" name="basePageNavigation" data-provider="getData" finished-at="2020-02-22T11:38:36Z" duration-ms="10881" status="PASS">
          <params>
            <param index="0">
              <value>
                <![CDATA[nonrestricteduser@qw.com]]>
              </value>
            </param>
            <param index="1">
              <value>
                <![CDATA[123456]]>
              </value>
            </param>
            <param index="2">
              <value>
                <![CDATA[Restricted User]]>
              </value>
            </param>
          </params>
          <reporter-output>
          </reporter-output>
        </test-method> <!-- basePageNavigation -->
        <test-method signature="basePageNavigation(java.lang.String, java.lang.String, java.lang.String)[pri:0, instance:Academy.HomePage@28c0b664]" started-at="2020-02-22T11:38:36Z" name="basePageNavigation" data-provider="getData" finished-at="2020-02-22T11:38:40Z" duration-ms="4340" status="PASS">
          <params>
            <param index="0">
              <value>
                <![CDATA[restricteduser@qw.com]]>
              </value>
            </param>
            <param index="1">
              <value>
                <![CDATA[123488]]>
              </value>
            </param>
            <param index="2">
              <value>
                <![CDATA[Non restricted User]]>
              </value>
            </param>
          </params>
          <reporter-output>
          </reporter-output>
        </test-method> <!-- basePageNavigation -->
        <test-method is-config="true" signature="teardown()[pri:0, instance:Academy.HomePage@28c0b664]" started-at="2020-02-22T11:38:40Z" name="teardown" finished-at="2020-02-22T11:38:40Z" duration-ms="101" status="PASS">
          <reporter-output>
          </reporter-output>
        </test-method> <!-- teardown -->
      </class> <!-- Academy.HomePage -->
    </test> <!-- Validating User Login -->
    <test started-at="2020-02-22T11:38:40Z" name="Validating Title in the page" finished-at="2020-02-22T11:38:47Z" duration-ms="7110">
      <class name="Academy.validateTitle">
        <test-method is-config="true" signature="initialize()[pri:0, instance:Academy.validateTitle@6d1310f6]" started-at="2020-02-22T11:38:40Z" name="initialize" finished-at="2020-02-22T11:38:47Z" duration-ms="6995" status="PASS">
          <reporter-output>
          </reporter-output>
        </test-method> <!-- initialize -->
        <test-method signature="basePageNavigation()[pri:0, instance:Academy.validateTitle@6d1310f6]" started-at="2020-02-22T11:38:47Z" name="basePageNavigation" finished-at="2020-02-22T11:38:47Z" duration-ms="51" status="PASS">
          <reporter-output>
          </reporter-output>
        </test-method> <!-- basePageNavigation -->
        <test-method is-config="true" signature="teardown()[pri:0, instance:Academy.validateTitle@6d1310f6]" started-at="2020-02-22T11:38:47Z" name="teardown" finished-at="2020-02-22T11:38:47Z" duration-ms="64" status="PASS">
          <reporter-output>
          </reporter-output>
        </test-method> <!-- teardown -->
      </class> <!-- Academy.validateTitle -->
    </test> <!-- Validating Title in the page -->
  </suite> <!-- Suite -->
</testng-results>
