<?xml version="1.0" encoding="UTF-8"?>
<testsuite xmlns:xsi="http://www.w3.org/2001/XMLSchema-instance" xsi:noNamespaceSchemaLocation="https://maven.apache.org/surefire/maven-surefire-plugin/xsd/surefire-test-report.xsd" name="TestSuite" time="35.623" tests="4" errors="0" skipped="0" failures="0">
  <properties>
[...]
</properties>
  <testcase name="basePageNavigation" classname="Academy.validateNavigationBar" time="0.141"/>
  <testcase name="basePageNavigation" classname="Academy.HomePage" time="10.882"/>
  <testcase name="basePageNavigation" classname="Academy.HomePage" time="4.341"/>
  <testcase name="basePageNavigation" classname="Academy.validateTitle" time="0.051"/>
</testsuite>